# Logfile created on 2022-02-25 23:06:45 +0300 by logger.rb/47272
I, [2022-02-25T23:06:45.476926 #19260]  INFO -- : Running example 'Verifying a pact between Frontend and Backend Given get todo list successfully a request not empty for todo list with GET /api/v1/todo returns a response which has status code 200'
I, [2022-02-25T23:06:45.477410 #19260]  INFO -- : Sending GET request to path: "/api/v1/todo" with headers: {"X_PACT_PROVIDER_STATES"=>[{"name"=>"get todo list successfully"}]}, see debug logs for body
D, [2022-02-25T23:06:45.477410 #19260] DEBUG -- : body :
I, [2022-02-25T23:06:45.526074 #19260]  INFO -- : Received response with status: 200, headers: {"Content-Length"=>"4", "Content-Type"=>"application/json; charset=UTF-8", "Date"=>"Fri, 25 Feb 2022 20:06:45 GMT"}, see debug logs for body
D, [2022-02-25T23:06:45.527060 #19260] DEBUG -- : body: null
I, [2022-02-25T23:06:45.534749 #19260]  INFO -- : Running example 'Verifying a pact between Frontend and Backend Given post todo successfully a request not empty for todo list with POST /api/v1/todo returns a response which has status code 200'
I, [2022-02-25T23:06:45.535457 #19260]  INFO -- : Sending POST request to path: "/api/v1/todo" with headers: {"X_PACT_PROVIDER_STATES"=>[{"name"=>"post todo successfully"}]}, see debug logs for body
D, [2022-02-25T23:06:45.535457 #19260] DEBUG -- : body :
I, [2022-02-25T23:06:45.556526 #19260]  INFO -- : Received response with status: 500, headers: {"Content-Length"=>"28", "Content-Type"=>"text/plain; charset=utf-8", "Date"=>"Fri, 25 Feb 2022 20:06:45 GMT"}, see debug logs for body
D, [2022-02-25T23:06:45.557603 #19260] DEBUG -- : body: unexpected end of JSON input
I, [2022-02-26T20:45:31.911411 #16732]  INFO -- : Running example 'Verifying a pact between Frontend and Backend Given get todo list successfully a request not empty for todo list with GET /api/v1/todo returns a response which has status code 200'
I, [2022-02-26T20:45:31.912300 #16732]  INFO -- : Sending GET request to path: "/api/v1/todo" with headers: {"X_PACT_PROVIDER_STATES"=>[{"name"=>"get todo list successfully"}]}, see debug logs for body
D, [2022-02-26T20:45:31.912300 #16732] DEBUG -- : body :
I, [2022-02-26T20:45:31.959970 #16732]  INFO -- : Received response with status: 200, headers: {"Content-Length"=>"4", "Content-Type"=>"application/json; charset=UTF-8", "Date"=>"Sat, 26 Feb 2022 17:45:31 GMT"}, see debug logs for body
D, [2022-02-26T20:45:31.960808 #16732] DEBUG -- : body: null
I, [2022-02-26T20:45:31.968299 #16732]  INFO -- : Running example 'Verifying a pact between Frontend and Backend Given post todo successfully a request not empty for todo list with POST /api/v1/todo returns a response which has status code 200'
I, [2022-02-26T20:45:31.968727 #16732]  INFO -- : Sending POST request to path: "/api/v1/todo" with headers: {"X_PACT_PROVIDER_STATES"=>[{"name"=>"post todo successfully"}]}, see debug logs for body
D, [2022-02-26T20:45:31.968727 #16732] DEBUG -- : body :
I, [2022-02-26T20:45:31.990729 #16732]  INFO -- : Received response with status: 500, headers: {"Content-Length"=>"28", "Content-Type"=>"text/plain; charset=utf-8", "Date"=>"Sat, 26 Feb 2022 17:45:31 GMT"}, see debug logs for body
D, [2022-02-26T20:45:31.991513 #16732] DEBUG -- : body: unexpected end of JSON input
I, [2022-02-27T02:14:59.508381 #21408]  INFO -- : Running example 'Verifying a pact between Frontend and Backend Given get todo list successfully a request not empty for todo list with GET /api/v1/todo returns a response which has status code 200'
I, [2022-02-27T02:14:59.510583 #21408]  INFO -- : Sending GET request to path: "/api/v1/todo" with headers: {"X_PACT_PROVIDER_STATES"=>[{"name"=>"get todo list successfully"}]}, see debug logs for body
D, [2022-02-27T02:14:59.510583 #21408] DEBUG -- : body :
I, [2022-02-27T02:14:59.611554 #21408]  INFO -- : Received response with status: 200, headers: {"Content-Length"=>"4", "Content-Type"=>"application/json; charset=UTF-8", "Date"=>"Sat, 26 Feb 2022 23:14:59 GMT"}, see debug logs for body
D, [2022-02-27T02:14:59.612553 #21408] DEBUG -- : body: null
I, [2022-02-27T02:14:59.629837 #21408]  INFO -- : Running example 'Verifying a pact between Frontend and Backend Given post todo successfully a request not empty for todo list with POST /api/v1/todo returns a response which has status code 200'
I, [2022-02-27T02:14:59.631831 #21408]  INFO -- : Sending POST request to path: "/api/v1/todo" with headers: {"X_PACT_PROVIDER_STATES"=>[{"name"=>"post todo successfully"}]}, see debug logs for body
D, [2022-02-27T02:14:59.631831 #21408] DEBUG -- : body :
I, [2022-02-27T02:14:59.655480 #21408]  INFO -- : Received response with status: 500, headers: {"Content-Length"=>"28", "Content-Type"=>"text/plain; charset=utf-8", "Date"=>"Sat, 26 Feb 2022 23:14:59 GMT"}, see debug logs for body
D, [2022-02-27T02:14:59.656478 #21408] DEBUG -- : body: unexpected end of JSON input
I, [2022-02-27T02:16:09.238886 #23744]  INFO -- : Running example 'Verifying a pact between Frontend and Backend Given get todo list successfully a request not empty for todo list with GET /api/v1/todo returns a response which has status code 200'
I, [2022-02-27T02:16:09.242876 #23744]  INFO -- : Sending GET request to path: "/api/v1/todo" with headers: {"X_PACT_PROVIDER_STATES"=>[{"name"=>"get todo list successfully"}]}, see debug logs for body
D, [2022-02-27T02:16:09.243398 #23744] DEBUG -- : body :
I, [2022-02-27T02:16:09.346175 #23744]  INFO -- : Received response with status: 200, headers: {"Content-Length"=>"4", "Content-Type"=>"application/json; charset=UTF-8", "Date"=>"Sat, 26 Feb 2022 23:16:09 GMT"}, see debug logs for body
D, [2022-02-27T02:16:09.349167 #23744] DEBUG -- : body: null
I, [2022-02-27T02:16:09.365661 #23744]  INFO -- : Running example 'Verifying a pact between Frontend and Backend Given post todo successfully a request not empty for todo list with POST /api/v1/todo returns a response which has status code 200'
I, [2022-02-27T02:16:09.369650 #23744]  INFO -- : Sending POST request to path: "/api/v1/todo" with headers: {"X_PACT_PROVIDER_STATES"=>[{"name"=>"post todo successfully"}]}, see debug logs for body
D, [2022-02-27T02:16:09.371025 #23744] DEBUG -- : body :
I, [2022-02-27T02:16:09.411279 #23744]  INFO -- : Received response with status: 500, headers: {"Content-Length"=>"28", "Content-Type"=>"text/plain; charset=utf-8", "Date"=>"Sat, 26 Feb 2022 23:16:09 GMT"}, see debug logs for body
D, [2022-02-27T02:16:09.422027 #23744] DEBUG -- : body: unexpected end of JSON input
I, [2022-02-27T02:16:51.382194 #17376]  INFO -- : Running example 'Verifying a pact between Frontend and Backend Given get todo list successfully a request not empty for todo list with GET /api/v1/todo returns a response which has status code 200'
I, [2022-02-27T02:16:51.383586 #17376]  INFO -- : Sending GET request to path: "/api/v1/todo" with headers: {"X_PACT_PROVIDER_STATES"=>[{"name"=>"get todo list successfully"}]}, see debug logs for body
D, [2022-02-27T02:16:51.383586 #17376] DEBUG -- : body :
I, [2022-02-27T02:16:51.488730 #17376]  INFO -- : Received response with status: 200, headers: {"Content-Length"=>"4", "Content-Type"=>"application/json; charset=UTF-8", "Date"=>"Sat, 26 Feb 2022 23:16:51 GMT"}, see debug logs for body
D, [2022-02-27T02:16:51.489450 #17376] DEBUG -- : body: null
I, [2022-02-27T02:16:51.507910 #17376]  INFO -- : Running example 'Verifying a pact between Frontend and Backend Given post todo successfully a request not empty for todo list with POST /api/v1/todo returns a response which has status code 200'
I, [2022-02-27T02:16:51.509906 #17376]  INFO -- : Sending POST request to path: "/api/v1/todo" with headers: {"X_PACT_PROVIDER_STATES"=>[{"name"=>"post todo successfully"}]}, see debug logs for body
D, [2022-02-27T02:16:51.535562 #17376] DEBUG -- : body :
I, [2022-02-27T02:16:51.564428 #17376]  INFO -- : Received response with status: 500, headers: {"Content-Length"=>"28", "Content-Type"=>"text/plain; charset=utf-8", "Date"=>"Sat, 26 Feb 2022 23:16:51 GMT"}, see debug logs for body
D, [2022-02-27T02:16:51.564741 #17376] DEBUG -- : body: unexpected end of JSON input
I, [2022-02-27T02:41:20.165018 #10420]  INFO -- : Running example 'Verifying a pact between Frontend and Backend Given get todo list successfully a request not empty for todo list with GET /api/v1/todo returns a response which has status code 200'
I, [2022-02-27T02:41:20.167013 #10420]  INFO -- : Sending GET request to path: "/api/v1/todo" with headers: {"X_PACT_PROVIDER_STATES"=>[{"name"=>"get todo list successfully"}]}, see debug logs for body
D, [2022-02-27T02:41:20.167302 #10420] DEBUG -- : body :
I, [2022-02-27T02:41:20.291262 #10420]  INFO -- : Received response with status: 200, headers: {"Content-Length"=>"4", "Content-Type"=>"application/json; charset=UTF-8", "Date"=>"Sat, 26 Feb 2022 23:41:20 GMT"}, see debug logs for body
D, [2022-02-27T02:41:20.294443 #10420] DEBUG -- : body: null
I, [2022-02-27T02:41:20.316892 #10420]  INFO -- : Running example 'Verifying a pact between Frontend and Backend Given post todo successfully a request not empty for todo list with POST /api/v1/todo returns a response which has status code 200'
I, [2022-02-27T02:41:20.316892 #10420]  INFO -- : Sending POST request to path: "/api/v1/todo" with headers: {"X_PACT_PROVIDER_STATES"=>[{"name"=>"post todo successfully"}]}, see debug logs for body
D, [2022-02-27T02:41:20.320880 #10420] DEBUG -- : body :
I, [2022-02-27T02:41:20.352076 #10420]  INFO -- : Received response with status: 500, headers: {"Content-Length"=>"28", "Content-Type"=>"text/plain; charset=utf-8", "Date"=>"Sat, 26 Feb 2022 23:41:20 GMT"}, see debug logs for body
D, [2022-02-27T02:41:20.353225 #10420] DEBUG -- : body: unexpected end of JSON input
I, [2022-02-27T02:57:53.373025 #1852]  INFO -- : Running example 'Verifying a pact between Frontend and Backend Given get todo list successfully a request not empty for todo list with GET /api/v1/todo returns a response which has status code 200'
I, [2022-02-27T02:57:53.374022 #1852]  INFO -- : Sending GET request to path: "/api/v1/todo" with headers: {"X_PACT_PROVIDER_STATES"=>[{"name"=>"get todo list successfully"}]}, see debug logs for body
D, [2022-02-27T02:57:53.374022 #1852] DEBUG -- : body :
I, [2022-02-27T02:57:53.446043 #1852]  INFO -- : Received response with status: 200, headers: {"Content-Length"=>"37", "Content-Type"=>"application/json; charset=UTF-8", "Date"=>"Sat, 26 Feb 2022 23:57:53 GMT"}, see debug logs for body
D, [2022-02-27T02:57:53.447052 #1852] DEBUG -- : body: [{"id":0,"todo":"For Provider Test"}]
I, [2022-02-27T02:57:53.452546 #1852]  INFO -- : Running example 'Verifying a pact between Frontend and Backend Given post todo successfully a request not empty for todo list with POST /api/v1/todo returns a response which has status code 200'
I, [2022-02-27T02:57:53.453543 #1852]  INFO -- : Sending POST request to path: "/api/v1/todo" with headers: {"X_PACT_PROVIDER_STATES"=>[{"name"=>"post todo successfully"}]}, see debug logs for body
D, [2022-02-27T02:57:53.453543 #1852] DEBUG -- : body :
I, [2022-02-27T02:57:53.480270 #1852]  INFO -- : Received response with status: 500, headers: {"Content-Length"=>"28", "Content-Type"=>"text/plain; charset=utf-8", "Date"=>"Sat, 26 Feb 2022 23:57:53 GMT"}, see debug logs for body
D, [2022-02-27T02:57:53.480830 #1852] DEBUG -- : body: unexpected end of JSON input
I, [2022-02-27T02:59:50.193924 #15984]  INFO -- : Running example 'Verifying a pact between Frontend and Backend Given get todo list successfully a request not empty for todo list with GET /api/v1/todo returns a response which has status code 200'
I, [2022-02-27T02:59:50.194920 #15984]  INFO -- : Sending GET request to path: "/api/v1/todo" with headers: {"X_PACT_PROVIDER_STATES"=>[{"name"=>"get todo list successfully"}]}, see debug logs for body
D, [2022-02-27T02:59:50.195622 #15984] DEBUG -- : body :
I, [2022-02-27T02:59:50.285803 #15984]  INFO -- : Received response with status: 200, headers: {"Content-Length"=>"37", "Content-Type"=>"application/json; charset=UTF-8", "Date"=>"Sat, 26 Feb 2022 23:59:50 GMT"}, see debug logs for body
D, [2022-02-27T02:59:50.285803 #15984] DEBUG -- : body: [{"id":0,"todo":"For Provider Test"}]
I, [2022-02-27T02:59:50.291985 #15984]  INFO -- : Running example 'Verifying a pact between Frontend and Backend Given post todo successfully a request not empty for todo list with POST /api/v1/todo returns a response which has status code 200'
I, [2022-02-27T02:59:50.293168 #15984]  INFO -- : Sending POST request to path: "/api/v1/todo" with headers: {"X_PACT_PROVIDER_STATES"=>[{"name"=>"post todo successfully"}]}, see debug logs for body
D, [2022-02-27T02:59:50.293168 #15984] DEBUG -- : body :
I, [2022-02-27T02:59:50.315926 #15984]  INFO -- : Received response with status: 500, headers: {"Content-Length"=>"28", "Content-Type"=>"text/plain; charset=utf-8", "Date"=>"Sat, 26 Feb 2022 23:59:50 GMT"}, see debug logs for body
D, [2022-02-27T02:59:50.316252 #15984] DEBUG -- : body: unexpected end of JSON input
I, [2022-02-27T03:02:43.067110 #23216]  INFO -- : Running example 'Verifying a pact between Frontend and Backend Given get todo list successfully a request not empty for todo list with GET /api/v1/todo returns a response which has status code 200'
I, [2022-02-27T03:02:43.068428 #23216]  INFO -- : Sending GET request to path: "/api/v1/todo" with headers: {"X_PACT_PROVIDER_STATES"=>[{"name"=>"get todo list successfully"}]}, see debug logs for body
D, [2022-02-27T03:02:43.068428 #23216] DEBUG -- : body :
I, [2022-02-27T03:02:43.152176 #23216]  INFO -- : Received response with status: 200, headers: {"Content-Length"=>"37", "Content-Type"=>"application/json; charset=UTF-8", "Date"=>"Sun, 27 Feb 2022 00:02:43 GMT"}, see debug logs for body
D, [2022-02-27T03:02:43.152176 #23216] DEBUG -- : body: [{"id":0,"todo":"For Provider Test"}]
I, [2022-02-27T03:02:43.158159 #23216]  INFO -- : Running example 'Verifying a pact between Frontend and Backend Given post todo successfully a request not empty for todo list with POST /api/v1/todo returns a response which has status code 200'
I, [2022-02-27T03:02:43.158159 #23216]  INFO -- : Sending POST request to path: "/api/v1/todo" with headers: {"X_PACT_PROVIDER_STATES"=>[{"name"=>"post todo successfully"}]}, see debug logs for body
D, [2022-02-27T03:02:43.158867 #23216] DEBUG -- : body :
I, [2022-02-27T03:02:43.182388 #23216]  INFO -- : Received response with status: 500, headers: {"Content-Length"=>"28", "Content-Type"=>"text/plain; charset=utf-8", "Date"=>"Sun, 27 Feb 2022 00:02:43 GMT"}, see debug logs for body
D, [2022-02-27T03:02:43.183384 #23216] DEBUG -- : body: unexpected end of JSON input
I, [2022-02-27T03:03:33.661179 #19668]  INFO -- : Running example 'Verifying a pact between Frontend and Backend Given get todo list successfully a request not empty for todo list with GET /api/v1/todo returns a response which has status code 200'
I, [2022-02-27T03:03:33.662294 #19668]  INFO -- : Sending GET request to path: "/api/v1/todo" with headers: {"X_PACT_PROVIDER_STATES"=>[{"name"=>"get todo list successfully"}]}, see debug logs for body
D, [2022-02-27T03:03:33.662294 #19668] DEBUG -- : body :
I, [2022-02-27T03:03:33.754067 #19668]  INFO -- : Received response with status: 200, headers: {"Content-Length"=>"37", "Content-Type"=>"application/json; charset=UTF-8", "Date"=>"Sun, 27 Feb 2022 00:03:33 GMT"}, see debug logs for body
D, [2022-02-27T03:03:33.754067 #19668] DEBUG -- : body: [{"id":0,"todo":"For Provider Test"}]
I, [2022-02-27T03:03:33.761050 #19668]  INFO -- : Running example 'Verifying a pact between Frontend and Backend Given post todo successfully a request not empty for todo list with POST /api/v1/todo returns a response which has status code 500'
I, [2022-02-27T03:03:33.761689 #19668]  INFO -- : Sending POST request to path: "/api/v1/todo" with headers: {"X_PACT_PROVIDER_STATES"=>[{"name"=>"post todo successfully"}]}, see debug logs for body
D, [2022-02-27T03:03:33.761689 #19668] DEBUG -- : body :
I, [2022-02-27T03:03:33.783921 #19668]  INFO -- : Received response with status: 500, headers: {"Content-Length"=>"28", "Content-Type"=>"text/plain; charset=utf-8", "Date"=>"Sun, 27 Feb 2022 00:03:33 GMT"}, see debug logs for body
D, [2022-02-27T03:03:33.783921 #19668] DEBUG -- : body: unexpected end of JSON input
I, [2022-02-27T03:05:14.408364 #6232]  INFO -- : Running example 'Verifying a pact between Frontend and Backend Given get todo list successfully a request not empty for todo list with GET /api/v1/todo returns a response which has status code 200'
I, [2022-02-27T03:05:14.410359 #6232]  INFO -- : Sending GET request to path: "/api/v1/todo" with headers: {"X_PACT_PROVIDER_STATES"=>[{"name"=>"get todo list successfully"}]}, see debug logs for body
D, [2022-02-27T03:05:14.411356 #6232] DEBUG -- : body :
I, [2022-02-27T03:05:14.515114 #6232]  INFO -- : Received response with status: 200, headers: {"Content-Length"=>"37", "Content-Type"=>"application/json; charset=UTF-8", "Date"=>"Sun, 27 Feb 2022 00:05:14 GMT"}, see debug logs for body
D, [2022-02-27T03:05:14.516102 #6232] DEBUG -- : body: [{"id":0,"todo":"For Provider Test"}]
I, [2022-02-27T03:05:14.521762 #6232]  INFO -- : Running example 'Verifying a pact between Frontend and Backend Given post todo successfully a request not empty for todo list with POST /api/v1/todo returns a response which has status code 200'
I, [2022-02-27T03:05:14.521762 #6232]  INFO -- : Sending POST request to path: "/api/v1/todo" with headers: {"X_PACT_PROVIDER_STATES"=>[{"name"=>"post todo successfully"}]}, see debug logs for body
D, [2022-02-27T03:05:14.521762 #6232] DEBUG -- : body :
I, [2022-02-27T03:05:14.545300 #6232]  INFO -- : Received response with status: 500, headers: {"Content-Length"=>"28", "Content-Type"=>"text/plain; charset=utf-8", "Date"=>"Sun, 27 Feb 2022 00:05:14 GMT"}, see debug logs for body
D, [2022-02-27T03:05:14.546298 #6232] DEBUG -- : body: unexpected end of JSON input
I, [2022-02-27T03:05:50.180038 #19604]  INFO -- : Running example 'Verifying a pact between Frontend and Backend Given get todo list successfully a request not empty for todo list with GET /api/v1/todo returns a response which has status code 200'
I, [2022-02-27T03:05:50.181034 #19604]  INFO -- : Sending GET request to path: "/api/v1/todo" with headers: {"X_PACT_PROVIDER_STATES"=>[{"name"=>"get todo list successfully"}]}, see debug logs for body
D, [2022-02-27T03:05:50.181770 #19604] DEBUG -- : body :
I, [2022-02-27T03:05:50.270112 #19604]  INFO -- : Received response with status: 200, headers: {"Content-Length"=>"37", "Content-Type"=>"application/json; charset=UTF-8", "Date"=>"Sun, 27 Feb 2022 00:05:50 GMT"}, see debug logs for body
D, [2022-02-27T03:05:50.270789 #19604] DEBUG -- : body: [{"id":0,"todo":"For Provider Test"}]
I, [2022-02-27T03:05:50.277007 #19604]  INFO -- : Running example 'Verifying a pact between Frontend and Backend Given post todo successfully a request not empty for todo list with POST /api/v1/todo returns a response which has status code 500'
I, [2022-02-27T03:05:50.277403 #19604]  INFO -- : Sending POST request to path: "/api/v1/todo" with headers: {"X_PACT_PROVIDER_STATES"=>[{"name"=>"post todo successfully"}]}, see debug logs for body
D, [2022-02-27T03:05:50.277403 #19604] DEBUG -- : body :
I, [2022-02-27T03:05:50.300954 #19604]  INFO -- : Received response with status: 500, headers: {"Content-Length"=>"28", "Content-Type"=>"text/plain; charset=utf-8", "Date"=>"Sun, 27 Feb 2022 00:05:50 GMT"}, see debug logs for body
D, [2022-02-27T03:05:50.301952 #19604] DEBUG -- : body: unexpected end of JSON input
I, [2022-02-27T18:57:11.612155 #10396]  INFO -- : Running example 'Verifying a pact between Frontend and Backend Given get todo list successfully a request not empty for todo list with GET /api/v1/todo returns a response which has status code 200'
I, [2022-02-27T18:57:11.613154 #10396]  INFO -- : Sending GET request to path: "/api/v1/todo" with headers: {"X_PACT_PROVIDER_STATES"=>[{"name"=>"get todo list successfully"}]}, see debug logs for body
D, [2022-02-27T18:57:11.613772 #10396] DEBUG -- : body :
I, [2022-02-27T18:57:11.680495 #10396]  INFO -- : Received response with status: 200, headers: {"Content-Length"=>"37", "Content-Type"=>"application/json; charset=UTF-8", "Date"=>"Sun, 27 Feb 2022 15:57:11 GMT"}, see debug logs for body
D, [2022-02-27T18:57:11.681950 #10396] DEBUG -- : body: [{"id":0,"todo":"For Provider Test"}]
I, [2022-02-27T18:57:11.686466 #10396]  INFO -- : Running example 'Verifying a pact between Frontend and Backend Given post todo successfully a request not empty for todo list with POST /api/v1/todo returns a response which has status code 500'
I, [2022-02-27T18:57:11.687514 #10396]  INFO -- : Sending POST request to path: "/api/v1/todo" with headers: {"X_PACT_PROVIDER_STATES"=>[{"name"=>"post todo successfully"}]}, see debug logs for body
D, [2022-02-27T18:57:11.687514 #10396] DEBUG -- : body :
I, [2022-02-27T18:57:11.710875 #10396]  INFO -- : Received response with status: 500, headers: {"Content-Length"=>"28", "Content-Type"=>"text/plain; charset=utf-8", "Date"=>"Sun, 27 Feb 2022 15:57:11 GMT"}, see debug logs for body
D, [2022-02-27T18:57:11.711878 #10396] DEBUG -- : body: unexpected end of JSON input
I, [2022-02-28T02:49:57.505275 #20352]  INFO -- : Running example 'Verifying a pact between Frontend and Backend Given get todo list successfully a request not empty for todo list with GET /api/v1/todo returns a response which has status code 200'
I, [2022-02-28T02:49:57.506273 #20352]  INFO -- : Sending GET request to path: "/api/v1/todo" with headers: {"X_PACT_PROVIDER_STATES"=>[{"name"=>"get todo list successfully"}]}, see debug logs for body
D, [2022-02-28T02:49:57.507274 #20352] DEBUG -- : body :
I, [2022-02-28T02:49:57.573487 #20352]  INFO -- : Received response with status: 200, headers: {"Content-Length"=>"30", "Content-Type"=>"application/json; charset=UTF-8", "Date"=>"Sun, 27 Feb 2022 23:49:57 GMT"}, see debug logs for body
D, [2022-02-28T02:49:57.574196 #20352] DEBUG -- : body: [{"id":0,"todo":"Dommy todo"}]
I, [2022-02-28T02:49:57.579788 #20352]  INFO -- : Running example 'Verifying a pact between Frontend and Backend Given post todo successfully a request not empty for todo list with POST /api/v1/todo returns a response which has status code 500'
I, [2022-02-28T02:49:57.580188 #20352]  INFO -- : Sending POST request to path: "/api/v1/todo" with headers: {"X_PACT_PROVIDER_STATES"=>[{"name"=>"post todo successfully"}]}, see debug logs for body
D, [2022-02-28T02:49:57.580188 #20352] DEBUG -- : body :
I, [2022-02-28T02:49:57.603543 #20352]  INFO -- : Received response with status: 500, headers: {"Content-Length"=>"28", "Content-Type"=>"text/plain; charset=utf-8", "Date"=>"Sun, 27 Feb 2022 23:49:57 GMT"}, see debug logs for body
D, [2022-02-28T02:49:57.604541 #20352] DEBUG -- : body: unexpected end of JSON input
I, [2022-02-28T02:52:47.476087 #7612]  INFO -- : Running example 'Verifying a pact between Frontend and Backend Given get todo list successfully a request not empty for todo list with GET /api/v1/todo returns a response which has status code 200'
I, [2022-02-28T02:52:47.477084 #7612]  INFO -- : Sending GET request to path: "/api/v1/todo" with headers: {"X_PACT_PROVIDER_STATES"=>[{"name"=>"get todo list successfully"}]}, see debug logs for body
D, [2022-02-28T02:52:47.478085 #7612] DEBUG -- : body :
I, [2022-02-28T02:52:47.566320 #7612]  INFO -- : Received response with status: 200, headers: {"Content-Length"=>"30", "Content-Type"=>"application/json; charset=UTF-8", "Date"=>"Sun, 27 Feb 2022 23:52:47 GMT"}, see debug logs for body
D, [2022-02-28T02:52:47.573966 #7612] DEBUG -- : body: [{"id":0,"todo":"Dommy todo"}]
I, [2022-02-28T02:52:47.583010 #7612]  INFO -- : Running example 'Verifying a pact between Frontend and Backend Given post todo successfully a request not empty for todo list with POST /api/v1/todo returns a response which has status code 500'
I, [2022-02-28T02:52:47.585005 #7612]  INFO -- : Sending POST request to path: "/api/v1/todo" with headers: {"X_PACT_PROVIDER_STATES"=>[{"name"=>"post todo successfully"}]}, see debug logs for body
D, [2022-02-28T02:52:47.585005 #7612] DEBUG -- : body :
I, [2022-02-28T02:52:47.613007 #7612]  INFO -- : Received response with status: 500, headers: {"Content-Length"=>"28", "Content-Type"=>"text/plain; charset=utf-8", "Date"=>"Sun, 27 Feb 2022 23:52:47 GMT"}, see debug logs for body
D, [2022-02-28T02:52:47.614008 #7612] DEBUG -- : body: unexpected end of JSON input
I, [2022-03-01T02:40:58.855476 #21408]  INFO -- : Running example 'Verifying a pact between Frontend and Backend Given get todo list successfully a request not empty for todo list with GET /api/v1/todo returns a response which has status code 200'
I, [2022-03-01T02:40:58.855476 #21408]  INFO -- : Sending GET request to path: "/api/v1/todo" with headers: {"X_PACT_PROVIDER_STATES"=>[{"name"=>"get todo list successfully"}]}, see debug logs for body
D, [2022-03-01T02:40:58.856444 #21408] DEBUG -- : body :
I, [2022-03-01T02:40:58.906136 #21408]  INFO -- : Received response with status: 200, headers: {"Content-Length"=>"30", "Content-Type"=>"application/json; charset=UTF-8", "Date"=>"Mon, 28 Feb 2022 23:40:58 GMT"}, see debug logs for body
D, [2022-03-01T02:40:58.907068 #21408] DEBUG -- : body: [{"id":0,"todo":"Dommy todo"}]
I, [2022-03-01T02:40:58.913598 #21408]  INFO -- : Running example 'Verifying a pact between Frontend and Backend Given post todo successfully a request not empty for todo list with POST /api/v1/todo returns a response which has status code 200'
I, [2022-03-01T02:40:58.914625 #21408]  INFO -- : Sending POST request to path: "/api/v1/todo" with headers: {"X_PACT_PROVIDER_STATES"=>[{"name"=>"post todo successfully"}]}, see debug logs for body
D, [2022-03-01T02:40:58.914625 #21408] DEBUG -- : body :
I, [2022-03-01T02:40:58.927892 #21408]  INFO -- : Received response with status: 500, headers: {"Content-Length"=>"28", "Content-Type"=>"text/plain; charset=utf-8", "Date"=>"Mon, 28 Feb 2022 23:40:58 GMT"}, see debug logs for body
D, [2022-03-01T02:40:58.928648 #21408] DEBUG -- : body: unexpected end of JSON input
I, [2022-03-01T02:41:02.044275 #21408]  INFO -- : Running example 'Verifying a pact between Frontend and Backend Given get todo list successfully a request not empty for todo list with GET /api/v1/todo returns a response which has status code 200'
I, [2022-03-01T02:41:02.054640 #21408]  INFO -- : Sending GET request to path: "/api/v1/todo" with headers: {"X_PACT_PROVIDER_STATES"=>[{"name"=>"get todo list successfully"}]}, see debug logs for body
D, [2022-03-01T02:41:02.054640 #21408] DEBUG -- : body :
I, [2022-03-01T02:41:02.068140 #21408]  INFO -- : Received response with status: 200, headers: {"Content-Length"=>"49", "Content-Type"=>"application/json; charset=UTF-8", "Date"=>"Mon, 28 Feb 2022 23:41:02 GMT"}, see debug logs for body
D, [2022-03-01T02:41:02.070143 #21408] DEBUG -- : body: [{"id":0,"todo":"Dommy todo"},{"id":1,"todo":""}]
I, [2022-03-01T02:41:02.075082 #21408]  INFO -- : Running example 'Verifying a pact between Frontend and Backend Given post todo successfully a request not empty for todo list with POST /api/v1/todo returns a response which has status code 200'
I, [2022-03-01T02:41:02.078077 #21408]  INFO -- : Sending POST request to path: "/api/v1/todo" with headers: {"X_PACT_PROVIDER_STATES"=>[{"name"=>"post todo successfully"}]}, see debug logs for body
D, [2022-03-01T02:41:02.078077 #21408] DEBUG -- : body :
I, [2022-03-01T02:41:02.105389 #21408]  INFO -- : Received response with status: 500, headers: {"Content-Length"=>"28", "Content-Type"=>"text/plain; charset=utf-8", "Date"=>"Mon, 28 Feb 2022 23:41:02 GMT"}, see debug logs for body
D, [2022-03-01T02:41:02.105389 #21408] DEBUG -- : body: unexpected end of JSON input
I, [2022-03-01T03:39:19.930526 #2700]  INFO -- : Running example 'Verifying a pact between Frontend and Backend Given get todo list successfully a request not empty for todo list with GET /api/v1/todo returns a response which has status code 200'
I, [2022-03-01T03:39:19.932528 #2700]  INFO -- : Sending GET request to path: "/api/v1/todo" with headers: {"X_PACT_PROVIDER_STATES"=>[{"name"=>"get todo list successfully"}]}, see debug logs for body
D, [2022-03-01T03:39:19.933524 #2700] DEBUG -- : body :
I, [2022-03-01T03:39:20.017838 #2700]  INFO -- : Received response with status: 200, headers: {"Content-Length"=>"30", "Content-Type"=>"application/json; charset=UTF-8", "Date"=>"Tue, 01 Mar 2022 00:39:19 GMT"}, see debug logs for body
D, [2022-03-01T03:39:20.019549 #2700] DEBUG -- : body: [{"id":0,"todo":"Dommy todo"}]
I, [2022-03-01T03:39:20.027545 #2700]  INFO -- : Running example 'Verifying a pact between Frontend and Backend Given post todo successfully a request not empty for todo list with POST /api/v1/todo returns a response which has status code 200'
I, [2022-03-01T03:39:20.028307 #2700]  INFO -- : Sending POST request to path: "/api/v1/todo" with headers: {"X_PACT_PROVIDER_STATES"=>[{"name"=>"post todo successfully"}]}, see debug logs for body
D, [2022-03-01T03:39:20.028307 #2700] DEBUG -- : body :
I, [2022-03-01T03:39:20.047494 #2700]  INFO -- : Received response with status: 500, headers: {"Content-Length"=>"28", "Content-Type"=>"text/plain; charset=utf-8", "Date"=>"Tue, 01 Mar 2022 00:39:20 GMT"}, see debug logs for body
D, [2022-03-01T03:39:20.048495 #2700] DEBUG -- : body: unexpected end of JSON input
I, [2022-03-01T03:39:23.694306 #2700]  INFO -- : Running example 'Verifying a pact between Frontend and Backend Given get todo list successfully a request not empty for todo list with GET /api/v1/todo returns a response which has status code 200'
I, [2022-03-01T03:39:23.697306 #2700]  INFO -- : Sending GET request to path: "/api/v1/todo" with headers: {"X_PACT_PROVIDER_STATES"=>[{"name"=>"get todo list successfully"}]}, see debug logs for body
D, [2022-03-01T03:39:23.697306 #2700] DEBUG -- : body :
I, [2022-03-01T03:39:23.724669 #2700]  INFO -- : Received response with status: 200, headers: {"Content-Length"=>"49", "Content-Type"=>"application/json; charset=UTF-8", "Date"=>"Tue, 01 Mar 2022 00:39:23 GMT"}, see debug logs for body
D, [2022-03-01T03:39:23.725537 #2700] DEBUG -- : body: [{"id":0,"todo":"Dommy todo"},{"id":1,"todo":""}]
I, [2022-03-01T03:39:23.728060 #2700]  INFO -- : Running example 'Verifying a pact between Frontend and Backend Given post todo successfully a request not empty for todo list with POST /api/v1/todo returns a response which has status code 200'
I, [2022-03-01T03:39:23.732061 #2700]  INFO -- : Sending POST request to path: "/api/v1/todo" with headers: {"X_PACT_PROVIDER_STATES"=>[{"name"=>"post todo successfully"}]}, see debug logs for body
D, [2022-03-01T03:39:23.735964 #2700] DEBUG -- : body :
I, [2022-03-01T03:39:23.769106 #2700]  INFO -- : Received response with status: 500, headers: {"Content-Length"=>"28", "Content-Type"=>"text/plain; charset=utf-8", "Date"=>"Tue, 01 Mar 2022 00:39:23 GMT"}, see debug logs for body
D, [2022-03-01T03:39:23.778175 #2700] DEBUG -- : body: unexpected end of JSON input
I, [2022-03-01T04:32:20.200969 #18844]  INFO -- : Running example 'Verifying a pact between Frontend and Backend Given get todo list successfully a request not empty for todo list with GET /api/v1/todo returns a response which has status code 200'
I, [2022-03-01T04:32:20.202972 #18844]  INFO -- : Sending GET request to path: "/api/v1/todo" with headers: {"X_PACT_PROVIDER_STATES"=>[{"name"=>"get todo list successfully"}]}, see debug logs for body
D, [2022-03-01T04:32:20.202972 #18844] DEBUG -- : body :
I, [2022-03-01T04:32:20.289181 #18844]  INFO -- : Received response with status: 200, headers: {"Content-Length"=>"30", "Content-Type"=>"application/json; charset=UTF-8", "Date"=>"Tue, 01 Mar 2022 01:32:20 GMT"}, see debug logs for body
D, [2022-03-01T04:32:20.289181 #18844] DEBUG -- : body: [{"id":0,"todo":"Dommy todo"}]
I, [2022-03-01T04:32:20.294510 #18844]  INFO -- : Running example 'Verifying a pact between Frontend and Backend Given post todo successfully a request not empty for todo list with POST /api/v1/todo returns a response which has status code 200'
I, [2022-03-01T04:32:20.295293 #18844]  INFO -- : Sending POST request to path: "/api/v1/todo" with headers: {"X_PACT_PROVIDER_STATES"=>[{"name"=>"post todo successfully"}]}, see debug logs for body
D, [2022-03-01T04:32:20.295293 #18844] DEBUG -- : body :
I, [2022-03-01T04:32:20.319609 #18844]  INFO -- : Received response with status: 500, headers: {"Content-Length"=>"28", "Content-Type"=>"text/plain; charset=utf-8", "Date"=>"Tue, 01 Mar 2022 01:32:20 GMT"}, see debug logs for body
D, [2022-03-01T04:32:20.320609 #18844] DEBUG -- : body: unexpected end of JSON input
I, [2022-03-01T04:32:23.413491 #18844]  INFO -- : Running example 'Verifying a pact between Frontend and Backend Given get todo list successfully a request not empty for todo list with GET /api/v1/todo returns a response which has status code 200'
I, [2022-03-01T04:32:23.417490 #18844]  INFO -- : Sending GET request to path: "/api/v1/todo" with headers: {"X_PACT_PROVIDER_STATES"=>[{"name"=>"get todo list successfully"}]}, see debug logs for body
D, [2022-03-01T04:32:23.418386 #18844] DEBUG -- : body :
I, [2022-03-01T04:32:23.450373 #18844]  INFO -- : Received response with status: 200, headers: {"Content-Length"=>"49", "Content-Type"=>"application/json; charset=UTF-8", "Date"=>"Tue, 01 Mar 2022 01:32:23 GMT"}, see debug logs for body
D, [2022-03-01T04:32:23.454375 #18844] DEBUG -- : body: [{"id":0,"todo":"Dommy todo"},{"id":1,"todo":""}]
I, [2022-03-01T04:32:23.457973 #18844]  INFO -- : Running example 'Verifying a pact between Frontend and Backend Given post todo successfully a request not empty for todo list with POST /api/v1/todo returns a response which has status code 200'
I, [2022-03-01T04:32:23.459021 #18844]  INFO -- : Sending POST request to path: "/api/v1/todo" with headers: {"X_PACT_PROVIDER_STATES"=>[{"name"=>"post todo successfully"}]}, see debug logs for body
D, [2022-03-01T04:32:23.459021 #18844] DEBUG -- : body :
I, [2022-03-01T04:32:23.494897 #18844]  INFO -- : Received response with status: 500, headers: {"Content-Length"=>"28", "Content-Type"=>"text/plain; charset=utf-8", "Date"=>"Tue, 01 Mar 2022 01:32:23 GMT"}, see debug logs for body
D, [2022-03-01T04:32:23.495572 #18844] DEBUG -- : body: unexpected end of JSON input
I, [2022-03-01T04:34:53.000666 #13532]  INFO -- : Running example 'Verifying a pact between Frontend and Backend Given get todo list successfully a request not empty for todo list with GET /api/v1/todo returns a response which has status code 200'
I, [2022-03-01T04:34:53.001664 #13532]  INFO -- : Sending GET request to path: "/api/v1/todo" with headers: {"X_PACT_PROVIDER_STATES"=>[{"name"=>"get todo list successfully"}]}, see debug logs for body
D, [2022-03-01T04:34:53.002665 #13532] DEBUG -- : body :
I, [2022-03-01T04:34:53.136182 #13532]  INFO -- : Received response with status: 200, headers: {"Access-Control-Allow-Headers"=>"Accept, Content-Type, Content-Length, Accept-Encoding, X-CSRF-Token, Authorization", "Access-Control-Allow-Methods"=>"POST, GET, OPTIONS, PUT, DELETE", "Access-Control-Allow-Origin"=>"*", "Content-Length"=>"30", "Content-Type"=>"application/json; charset=UTF-8", "Date"=>"Tue, 01 Mar 2022 01:34:53 GMT"}, see debug logs for body
D, [2022-03-01T04:34:53.136715 #13532] DEBUG -- : body: [{"id":0,"todo":"Dommy todo"}]
I, [2022-03-01T04:34:53.149485 #13532]  INFO -- : Running example 'Verifying a pact between Frontend and Backend Given post todo successfully a request not empty for todo list with POST /api/v1/todo returns a response which has status code 200'
I, [2022-03-01T04:34:53.150482 #13532]  INFO -- : Sending POST request to path: "/api/v1/todo" with headers: {"X_PACT_PROVIDER_STATES"=>[{"name"=>"post todo successfully"}]}, see debug logs for body
D, [2022-03-01T04:34:53.151482 #13532] DEBUG -- : body :
I, [2022-03-01T04:34:53.182244 #13532]  INFO -- : Received response with status: 500, headers: {"Access-Control-Allow-Headers"=>"Accept, Content-Type, Content-Length, Accept-Encoding, X-CSRF-Token, Authorization", "Access-Control-Allow-Methods"=>"POST, GET, OPTIONS, PUT, DELETE", "Access-Control-Allow-Origin"=>"*", "Content-Length"=>"28", "Content-Type"=>"text/plain; charset=utf-8", "Date"=>"Tue, 01 Mar 2022 01:34:53 GMT"}, see debug logs for body
D, [2022-03-01T04:34:53.188091 #13532] DEBUG -- : body: unexpected end of JSON input
I, [2022-03-01T04:34:56.214107 #13532]  INFO -- : Running example 'Verifying a pact between Frontend and Backend Given get todo list successfully a request not empty for todo list with GET /api/v1/todo returns a response which has status code 200'
I, [2022-03-01T04:34:56.215111 #13532]  INFO -- : Sending GET request to path: "/api/v1/todo" with headers: {"X_PACT_PROVIDER_STATES"=>[{"name"=>"get todo list successfully"}]}, see debug logs for body
D, [2022-03-01T04:34:56.216063 #13532] DEBUG -- : body :
I, [2022-03-01T04:34:56.230072 #13532]  INFO -- : Received response with status: 200, headers: {"Access-Control-Allow-Headers"=>"Accept, Content-Type, Content-Length, Accept-Encoding, X-CSRF-Token, Authorization", "Access-Control-Allow-Methods"=>"POST, GET, OPTIONS, PUT, DELETE", "Access-Control-Allow-Origin"=>"*", "Content-Length"=>"49", "Content-Type"=>"application/json; charset=UTF-8", "Date"=>"Tue, 01 Mar 2022 01:34:56 GMT"}, see debug logs for body
D, [2022-03-01T04:34:56.231053 #13532] DEBUG -- : body: [{"id":0,"todo":"Dommy todo"},{"id":1,"todo":""}]
I, [2022-03-01T04:34:56.232570 #13532]  INFO -- : Running example 'Verifying a pact between Frontend and Backend Given post todo successfully a request not empty for todo list with POST /api/v1/todo returns a response which has status code 200'
I, [2022-03-01T04:34:56.233644 #13532]  INFO -- : Sending POST request to path: "/api/v1/todo" with headers: {"X_PACT_PROVIDER_STATES"=>[{"name"=>"post todo successfully"}]}, see debug logs for body
D, [2022-03-01T04:34:56.233644 #13532] DEBUG -- : body :
I, [2022-03-01T04:34:56.261768 #13532]  INFO -- : Received response with status: 500, headers: {"Access-Control-Allow-Headers"=>"Accept, Content-Type, Content-Length, Accept-Encoding, X-CSRF-Token, Authorization", "Access-Control-Allow-Methods"=>"POST, GET, OPTIONS, PUT, DELETE", "Access-Control-Allow-Origin"=>"*", "Content-Length"=>"28", "Content-Type"=>"text/plain; charset=utf-8", "Date"=>"Tue, 01 Mar 2022 01:34:56 GMT"}, see debug logs for body
D, [2022-03-01T04:34:56.262770 #13532] DEBUG -- : body: unexpected end of JSON input
I, [2022-03-01T04:42:18.575291 #15568]  INFO -- : Running example 'Verifying a pact between Frontend and Backend Given get todo list successfully a request not empty for todo list with GET /api/v1/todo returns a response which has status code 200'
I, [2022-03-01T04:42:18.575972 #15568]  INFO -- : Sending GET request to path: "/api/v1/todo" with headers: {"X_PACT_PROVIDER_STATES"=>[{"name"=>"get todo list successfully"}]}, see debug logs for body
D, [2022-03-01T04:42:18.575972 #15568] DEBUG -- : body :
I, [2022-03-01T04:42:18.624235 #15568]  INFO -- : Received response with status: 200, headers: {"Access-Control-Allow-Headers"=>"Accept, Content-Type, Content-Length, Accept-Encoding, X-CSRF-Token, Authorization", "Access-Control-Allow-Methods"=>"POST, GET, OPTIONS, PUT, DELETE", "Access-Control-Allow-Origin"=>"*", "Content-Length"=>"30", "Content-Type"=>"application/json; charset=UTF-8", "Date"=>"Tue, 01 Mar 2022 01:42:18 GMT"}, see debug logs for body
D, [2022-03-01T04:42:18.624467 #15568] DEBUG -- : body: [{"id":0,"todo":"Dommy todo"}]
I, [2022-03-01T04:42:18.626983 #15568]  INFO -- : Running example 'Verifying a pact between Frontend and Backend Given post todo successfully a request not empty for todo list with POST /api/v1/todo returns a response which has status code 200'
I, [2022-03-01T04:42:18.628093 #15568]  INFO -- : Sending POST request to path: "/api/v1/todo" with headers: {"CONTENT_TYPE"=>"application/json", "HTTP_X_PACT_ORIGINAL_HEADER_NAMES"=>"Content-Type", "X_PACT_PROVIDER_STATES"=>[{"name"=>"post todo successfully"}]}, see debug logs for body
D, [2022-03-01T04:42:18.628093 #15568] DEBUG -- : body :{"todo":"For Provider Test"}
I, [2022-03-01T04:42:18.654366 #15568]  INFO -- : Received response with status: 200, headers: {"Access-Control-Allow-Headers"=>"Accept, Content-Type, Content-Length, Accept-Encoding, X-CSRF-Token, Authorization", "Access-Control-Allow-Methods"=>"POST, GET, OPTIONS, PUT, DELETE", "Access-Control-Allow-Origin"=>"*", "Content-Length"=>"0", "Date"=>"Tue, 01 Mar 2022 01:42:18 GMT"}, see debug logs for body
D, [2022-03-01T04:42:18.654675 #15568] DEBUG -- : body: 
I, [2022-03-01T04:42:21.640732 #15568]  INFO -- : Running example 'Verifying a pact between Frontend and Backend Given get todo list successfully a request not empty for todo list with GET /api/v1/todo returns a response which has status code 200'
I, [2022-03-01T04:42:21.641737 #15568]  INFO -- : Sending GET request to path: "/api/v1/todo" with headers: {"X_PACT_PROVIDER_STATES"=>[{"name"=>"get todo list successfully"}]}, see debug logs for body
D, [2022-03-01T04:42:21.641737 #15568] DEBUG -- : body :
I, [2022-03-01T04:42:21.662747 #15568]  INFO -- : Received response with status: 200, headers: {"Access-Control-Allow-Headers"=>"Accept, Content-Type, Content-Length, Accept-Encoding, X-CSRF-Token, Authorization", "Access-Control-Allow-Methods"=>"POST, GET, OPTIONS, PUT, DELETE", "Access-Control-Allow-Origin"=>"*", "Content-Length"=>"66", "Content-Type"=>"application/json; charset=UTF-8", "Date"=>"Tue, 01 Mar 2022 01:42:21 GMT"}, see debug logs for body
D, [2022-03-01T04:42:21.663743 #15568] DEBUG -- : body: [{"id":0,"todo":"Dommy todo"},{"id":1,"todo":"For Provider Test"}]
I, [2022-03-01T04:42:21.664917 #15568]  INFO -- : Running example 'Verifying a pact between Frontend and Backend Given post todo successfully a request not empty for todo list with POST /api/v1/todo returns a response which has status code 200'
I, [2022-03-01T04:42:21.665978 #15568]  INFO -- : Sending POST request to path: "/api/v1/todo" with headers: {"CONTENT_TYPE"=>"application/json", "HTTP_X_PACT_ORIGINAL_HEADER_NAMES"=>"Content-Type", "X_PACT_PROVIDER_STATES"=>[{"name"=>"post todo successfully"}]}, see debug logs for body
D, [2022-03-01T04:42:21.665978 #15568] DEBUG -- : body :{"todo":"For Provider Test"}
I, [2022-03-01T04:42:21.693245 #15568]  INFO -- : Received response with status: 200, headers: {"Access-Control-Allow-Headers"=>"Accept, Content-Type, Content-Length, Accept-Encoding, X-CSRF-Token, Authorization", "Access-Control-Allow-Methods"=>"POST, GET, OPTIONS, PUT, DELETE", "Access-Control-Allow-Origin"=>"*", "Content-Length"=>"0", "Date"=>"Tue, 01 Mar 2022 01:42:21 GMT"}, see debug logs for body
D, [2022-03-01T04:42:21.694175 #15568] DEBUG -- : body: 
